urllib3.connectionpool - DEBUG - 2019-12-03 17:47:31,021 Starting new HTTPS connection (1): www.ceneo.pl:443
urllib3.connectionpool - DEBUG - 2019-12-03 17:47:31,156 https://www.ceneo.pl:443 "GET /szukaj-jaguar%20xf;m10000;n999999;0112-0 HTTP/1.1" 301 None
urllib3.connectionpool - DEBUG - 2019-12-03 17:47:31,181 https://www.ceneo.pl:443 "GET /;szukaj-jaguar+xf;m10000;n999999;0112-0.htm HTTP/1.1" 301 None
urllib3.connectionpool - DEBUG - 2019-12-03 17:47:31,281 https://www.ceneo.pl:443 "GET /Motoryzacja;szukaj-jaguar+xf;m10000;n999999;0112-0.htm HTTP/1.1" 200 None
__main__ - INFO - 2019-12-03 17:47:32,625 Scraper for [jaguar xf ] initialized
__main__ - INFO - 2019-12-03 17:47:32,626 Getting all offers..
urllib3.connectionpool - DEBUG - 2019-12-03 17:47:32,627 Starting new HTTPS connection (1): www.ceneo.pl:443
urllib3.connectionpool - DEBUG - 2019-12-03 17:47:32,878 https://www.ceneo.pl:443 "GET /88215980;0284-0 HTTP/1.1" 301 None
urllib3.connectionpool - DEBUG - 2019-12-03 17:47:33,025 https://www.ceneo.pl:443 "GET /88215980;0284-0.htm HTTP/1.1" 200 59160
offer_scraper - INFO - 2019-12-03 17:47:34,045 1 offers found at Jaguar XF X250 - Opinie i ceny na Ceneo.pl
urllib3.connectionpool - DEBUG - 2019-12-03 17:47:34,046 Starting new HTTPS connection (1): www.ceneo.pl:443
urllib3.connectionpool - DEBUG - 2019-12-03 17:47:34,288 https://www.ceneo.pl:443 "GET /87456800;0284-0 HTTP/1.1" 301 None
urllib3.connectionpool - DEBUG - 2019-12-03 17:47:34,396 https://www.ceneo.pl:443 "GET /87456800;0284-0.htm HTTP/1.1" 200 58361
offer_scraper - INFO - 2019-12-03 17:47:35,426 1 offers found at Jaguar XF 3.0d Ma³y przebieg po op³atach - Opinie i ceny na Ceneo.pl
urllib3.connectionpool - DEBUG - 2019-12-03 17:47:35,427 Starting new HTTPS connection (1): www.ceneo.pl:443
urllib3.connectionpool - DEBUG - 2019-12-03 17:47:35,576 https://www.ceneo.pl:443 "GET /84175005;0284-0 HTTP/1.1" 301 None
urllib3.connectionpool - DEBUG - 2019-12-03 17:47:35,672 https://www.ceneo.pl:443 "GET /84175005;0284-0.htm HTTP/1.1" 200 57928
offer_scraper - INFO - 2019-12-03 17:47:36,727 1 offers found at Jaguar XF 3.0D Luxury 241KM najbogatsza wersja - Opinie i ceny na Ceneo.pl
urllib3.connectionpool - DEBUG - 2019-12-03 17:47:36,728 Starting new HTTPS connection (1): www.ceneo.pl:443
urllib3.connectionpool - DEBUG - 2019-12-03 17:47:36,891 https://www.ceneo.pl:443 "GET /88136372;0284-0 HTTP/1.1" 301 None
urllib3.connectionpool - DEBUG - 2019-12-03 17:47:37,002 https://www.ceneo.pl:443 "GET /88136372;0284-0.htm HTTP/1.1" 200 58898
offer_scraper - INFO - 2019-12-03 17:47:38,089 1 offers found at JAGUAR XF (X250) 4.2 298 KM - Opinie i ceny na Ceneo.pl
urllib3.connectionpool - DEBUG - 2019-12-03 17:47:38,090 Starting new HTTPS connection (1): www.ceneo.pl:443
urllib3.connectionpool - DEBUG - 2019-12-03 17:47:38,243 https://www.ceneo.pl:443 "GET /87819067;0284-0 HTTP/1.1" 301 None
urllib3.connectionpool - DEBUG - 2019-12-03 17:47:38,514 https://www.ceneo.pl:443 "GET /87819067;0284-0.htm HTTP/1.1" 200 58814
offer_scraper - INFO - 2019-12-03 17:47:39,519 1 offers found at JAGUAR XF (X250) 2.7 D 207 KM - Opinie i ceny na Ceneo.pl
__main__ - INFO - 2019-12-03 17:47:39,519 Max offers number reached
__main__ - INFO - 2019-12-03 17:47:39,525 5 offers collected that meets requirements
urllib3.connectionpool - DEBUG - 2019-12-03 17:47:39,527 Starting new HTTPS connection (1): www.ceneo.pl:443
urllib3.connectionpool - DEBUG - 2019-12-03 17:47:39,660 https://www.ceneo.pl:443 "GET /szukaj-nokia%207.2;m1000;n999999;0112-0 HTTP/1.1" 301 None
urllib3.connectionpool - DEBUG - 2019-12-03 17:47:39,753 https://www.ceneo.pl:443 "GET /;szukaj-nokia+7+2;m1000;n999999;0112-0.htm HTTP/1.1" 200 48452
__main__ - INFO - 2019-12-03 17:47:40,618 Scraper for [nokia 7.2 ] initialized
__main__ - INFO - 2019-12-03 17:47:40,619 Getting all offers..
urllib3.connectionpool - DEBUG - 2019-12-03 17:47:40,620 Starting new HTTPS connection (1): www.ceneo.pl:443
urllib3.connectionpool - DEBUG - 2019-12-03 17:47:40,821 https://www.ceneo.pl:443 "GET /88655996;0284-0 HTTP/1.1" 301 None
urllib3.connectionpool - DEBUG - 2019-12-03 17:47:40,958 https://www.ceneo.pl:443 "GET /88655996;0284-0.htm HTTP/1.1" 200 None
offer_scraper - INFO - 2019-12-03 17:47:42,203 4 offers found at Nokia 7.2 4/64GB Dual Sim Srebrny - Ceny i opinie na Ceneo.pl
urllib3.connectionpool - DEBUG - 2019-12-03 17:47:42,206 Starting new HTTPS connection (1): www.ceneo.pl:443
urllib3.connectionpool - DEBUG - 2019-12-03 17:47:42,450 https://www.ceneo.pl:443 "GET /73353673;0284-0 HTTP/1.1" 301 None
urllib3.connectionpool - DEBUG - 2019-12-03 17:47:42,723 https://www.ceneo.pl:443 "GET /73353673;0284-0.htm HTTP/1.1" 200 None
offer_scraper - INFO - 2019-12-03 17:47:45,222 2 offers found at Nokia 7.1 4/64GB Dual SIM Szary - Ceny i opinie na Ceneo.pl
__main__ - INFO - 2019-12-03 17:47:45,222 Max offers number reached
__main__ - INFO - 2019-12-03 17:47:45,228 5 offers collected that meets requirements
urllib3.connectionpool - DEBUG - 2019-12-03 17:47:45,229 Starting new HTTPS connection (1): www.ceneo.pl:443
urllib3.connectionpool - DEBUG - 2019-12-03 17:47:45,384 https://www.ceneo.pl:443 "GET /szukaj-iphone%2010;m2000;n999999;0112-0 HTTP/1.1" 301 None
urllib3.connectionpool - DEBUG - 2019-12-03 17:47:45,488 https://www.ceneo.pl:443 "GET /;szukaj-iphone+10;m2000;n999999;0112-0.htm HTTP/1.1" 200 None
__main__ - INFO - 2019-12-03 17:47:47,081 Scraper for [iphone 10 ] initialized
__main__ - INFO - 2019-12-03 17:47:47,081 Getting all offers..
urllib3.connectionpool - DEBUG - 2019-12-03 17:47:47,082 Starting new HTTPS connection (1): www.ceneo.pl:443
urllib3.connectionpool - DEBUG - 2019-12-03 17:47:47,236 https://www.ceneo.pl:443 "GET /69534068;0284-0 HTTP/1.1" 301 None
urllib3.connectionpool - DEBUG - 2019-12-03 17:47:47,621 https://www.ceneo.pl:443 "GET /69534068;0284-0.htm HTTP/1.1" 200 None
offer_scraper - INFO - 2019-12-03 17:47:50,205 14 offers found at Apple iPhone XR 128GB Czerwony - Ceny i opinie na Ceneo.pl
__main__ - INFO - 2019-12-03 17:47:50,205 Max offers number reached
__main__ - INFO - 2019-12-03 17:47:50,210 5 offers collected that meets requirements
